<?xml version="1.0" encoding="UTF-8"?>
<!-- Generated by org.testng.reporters.JUnitXMLReporter -->
<testsuite ignored="3" hostname="DTA141" failures="0" tests="2" name="Test" time="0.068" errors="0" timestamp="2024-11-20T19:38:44 IST">
  <testcase classname="setup.DriverInitiliazation" name="@BeforeTest launchapp" time="-1.732111723964E9">
    <failure type="org.testng.TestNGException" message="
Parameter &amp;apos;browser&amp;apos; is required by BeforeTest on method launchapp but has not been marked @Optional or defined
in F:\AUTOMATION_SCRIPTS\Selenium\testng.xml">
      <![CDATA[org.testng.TestNGException: 
Parameter 'browser' is required by BeforeTest on method launchapp but has not been marked @Optional or defined
in F:\AUTOMATION_SCRIPTS\Selenium\testng.xml
... Removed 21 stack frames]]>
    </failure>
  </testcase> <!-- @BeforeTest launchapp -->
  <testcase classname="tests.TestLogin" name="LogiinTest" time="0.001">
    <skipped/>
  </testcase> <!-- LogiinTest -->
  <testcase classname="tests.LogoutTest" name="Logoutpage" time="0.0">
    <skipped/>
  </testcase> <!-- Logoutpage -->
  <testcase classname="setup.DriverInitiliazation" name="@AfterSuite tearDown" time="0.0">
    <ignored/>
  </testcase> <!-- @AfterSuite tearDown -->
  <testcase classname="setup.DriverInitiliazation" name="@BeforeTest launchapp" time="0.0">
    <ignored/>
  </testcase> <!-- @BeforeTest launchapp -->
  <testcase classname="setup.DriverInitiliazation" name="@BeforeSuite initializeReports" time="0.0">
    <ignored/>
  </testcase> <!-- @BeforeSuite initializeReports -->
</testsuite> <!-- Test -->
