<?xml version="1.0" encoding="UTF-8"?>
<!-- Generated by org.testng.reporters.JUnitXMLReporter -->
<testsuite ignored="4" hostname="DTA141" failures="0" tests="2" name="Test_Chrome" time="20.123" errors="0" timestamp="2026-06-24T16:40:14 IST">
  <testcase classname="tests.TestLogin" name="LogiinTest" time="4.89"/>
  <testcase classname="tests.LogoutTest" name="Logoutpage" time="4.298"/>
  <testcase classname="setup.DriverInitiliazation" name="@BeforeTest launchapp" time="0.0">
    <ignored/>
  </testcase> <!-- @BeforeTest launchapp -->
  <testcase classname="setup.DriverInitiliazation" name="@AfterTest teardown" time="0.0">
    <ignored/>
  </testcase> <!-- @AfterTest teardown -->
  <testcase classname="setup.DriverInitiliazation" name="@AfterSuite close" time="0.0">
    <ignored/>
  </testcase> <!-- @AfterSuite close -->
  <testcase classname="setup.DriverInitiliazation" name="@BeforeSuite initializeReports" time="0.0">
    <ignored/>
  </testcase> <!-- @BeforeSuite initializeReports -->
</testsuite> <!-- Test_Chrome -->
